Using pre-set license
Built from 'master' branch; Version is '2020.3.36f1 (71f96b79b9f0) revision 7469419'; Using compiler version '192528614'; Build Type 'Release'
OS: 'Windows 10  (10.0.19044) 64bit Professional' Language: 'es' Physical Memory: 6092 MB
BatchMode: 1, IsHumanControllingUs: 0, StartBugReporterOnCrash: 0, Is64bit: 1, IsPro: 0

COMMAND LINE ARGUMENTS:
C:\Program Files\Unity\Hub\Editor\2020.3.36f1\Editor\Unity.exe
-adb2
-batchMode
-noUpm
-name
AssetImportWorker0
-projectPath
C:/Users/Usuario/My project
-logFile
Logs/AssetImportWorker0.log
-srvPort
53697
Successfully changed project path to: C:/Users/Usuario/My project
C:/Users/Usuario/My project
Using Asset Import Pipeline V2.
Refreshing native plugins compatible for Editor in 74.14 ms, found 3 plugins.
Preloading 0 native plugins for Editor in 0.00 ms.
Initialize engine version: 2020.3.36f1 (71f96b79b9f0)
[Subsystems] Discovering subsystems at path C:/Program Files/Unity/Hub/Editor/2020.3.36f1/Editor/Data/Resources/UnitySubsystems
[Subsystems] Discovering subsystems at path C:/Users/Usuario/My project/Assets
GfxDevice: creating device client; threaded=0
Direct3D:
    Version:  Direct3D 11.0 [level 11.1]
    Renderer: AMD Radeon(TM) Vega 3 Graphics (ID=0x15dd)
    Vendor:   
    VRAM:     3046 MB
    Driver:   27.20.22025.1006
Initialize mono
Mono path[0] = 'C:/Program Files/Unity/Hub/Editor/2020.3.36f1/Editor/Data/Managed'
Mono path[1] = 'C:/Program Files/Unity/Hub/Editor/2020.3.36f1/Editor/Data/MonoBleedingEdge/lib/mono/unityjit'
Mono config path = 'C:/Program Files/Unity/Hub/Editor/2020.3.36f1/Editor/Data/MonoBleedingEdge/etc'
Using monoOptions --debugger-agent=transport=dt_socket,embedding=1,server=y,suspend=n,address=127.0.0.1:56016
Begin MonoManager ReloadAssembly
Registering precompiled unity dll's ...
Register platform support module: C:/Program Files/Unity/Hub/Editor/2020.3.36f1/Editor/Data/PlaybackEngines/WindowsStandaloneSupport/UnityEditor.WindowsStandalone.Extensions.dll
Registered in 0.003499 seconds.
Native extension for WindowsStandalone target not found
Refreshing native plugins compatible for Editor in 72.90 ms, found 3 plugins.
Preloading 0 native plugins for Editor in 0.00 ms.
Mono: successfully reloaded assembly
- Completed reload, in  1.042 seconds
Domain Reload Profiling:
	ReloadAssembly (1042ms)
		BeginReloadAssembly (126ms)
			ExecutionOrderSort (0ms)
			DisableScriptedObjects (0ms)
			BackupInstance (0ms)
			ReleaseScriptingObjects (0ms)
			CreateAndSetChildDomain (1ms)
		EndReloadAssembly (757ms)
			LoadAssemblies (122ms)
			RebuildTransferFunctionScriptingTraits (0ms)
			SetupTypeCache (260ms)
			ReleaseScriptCaches (0ms)
			RebuildScriptCaches (50ms)
			SetupLoadedEditorAssemblies (274ms)
				LogAssemblyErrors (0ms)
				InitializePlatformSupportModulesInManaged (6ms)
				SetLoadedEditorAssemblies (0ms)
				RefreshPlugins (73ms)
				BeforeProcessingInitializeOnLoad (13ms)
				ProcessInitializeOnLoadAttributes (136ms)
				ProcessInitializeOnLoadMethodAttributes (45ms)
				AfterProcessingInitializeOnLoad (0ms)
				EditorAssembliesLoaded (0ms)
			ExecutionOrderSort2 (0ms)
			AwakeInstancesAfterBackupRestoration (0ms)
Platform modules already initialized, skipping
Registering precompiled user dll's ...
Registered in 0.008153 seconds.
Begin MonoManager ReloadAssembly
Native extension for WindowsStandalone target not found
Refreshing native plugins compatible for Editor in 75.51 ms, found 3 plugins.
Preloading 0 native plugins for Editor in 0.00 ms.
Mono: successfully reloaded assembly
- Completed reload, in  2.943 seconds
Domain Reload Profiling:
	ReloadAssembly (2945ms)
		BeginReloadAssembly (263ms)
			ExecutionOrderSort (0ms)
			DisableScriptedObjects (7ms)
			BackupInstance (0ms)
			ReleaseScriptingObjects (0ms)
			CreateAndSetChildDomain (32ms)
		EndReloadAssembly (2455ms)
			LoadAssemblies (388ms)
			RebuildTransferFunctionScriptingTraits (0ms)
			SetupTypeCache (1106ms)
			ReleaseScriptCaches (1ms)
			RebuildScriptCaches (77ms)
			SetupLoadedEditorAssemblies (683ms)
				LogAssemblyErrors (0ms)
				InitializePlatformSupportModulesInManaged (5ms)
				SetLoadedEditorAssemblies (0ms)
				RefreshPlugins (76ms)
				BeforeProcessingInitializeOnLoad (162ms)
				ProcessInitializeOnLoadAttributes (382ms)
				ProcessInitializeOnLoadMethodAttributes (41ms)
				AfterProcessingInitializeOnLoad (17ms)
				EditorAssembliesLoaded (0ms)
			ExecutionOrderSort2 (0ms)
			AwakeInstancesAfterBackupRestoration (4ms)
Platform modules already initialized, skipping
========================================================================
Worker process is ready to serve import requests
Launched and connected shader compiler UnityShaderCompiler.exe after 0.10 seconds
Refreshing native plugins compatible for Editor in 0.83 ms, found 3 plugins.
Preloading 0 native plugins for Editor in 0.00 ms.
Unloading 2207 Unused Serialized files (Serialized files now loaded: 0)
System memory in use before: 97.2 MB.
System memory in use after: 97.1 MB.

Unloading 31 unused Assets to reduce memory usage. Loaded Objects now: 2638.
Total: 4.922800 ms (FindLiveObjects: 0.271900 ms CreateObjectMapping: 0.076100 ms MarkObjects: 4.343800 ms  DeleteObjects: 0.229400 ms)

AssetImportParameters requested are different than current active one (requested -> active):
  custom:framework-win-MediaFoundation: 216162199b28c13a410421893ffa2e32 -> 
  custom:video-decoder-ogg-theora: a1e56fd34408186e4bbccfd4996cb3dc -> 
  custom:container-muxer-webm: aa71ff27fc2769a1b78a27578f13a17b -> 
  custom:container-demuxer-webm: 4f35f7cbe854078d1ac9338744f61a02 -> 
  custom:container-demuxer-ogg: 62fdf1f143b41e24485cea50d1cbac27 -> 
  custom:video-encoder-webm-vp8: eb34c28f22e8b96e1ab97ce403110664 -> 
  custom:video-decoder-webm-vp8: 9c59270c3fd7afecdb556c50c9e8de78 -> 
  custom:audio-decoder-ogg-vorbis: bf7c407c2cedff20999df2af8eb42d56 -> 
  custom:audio-encoder-webm-vorbis: bf7c407c2cedff20999df2af8eb42d56 -> 
========================================================================
Received Import Request.
  path: Assets/scripts/MoveEsqueleto.cs
  artifactKey: Guid(94f9f9811ca17e44dae9845507fab62f) Importer(815301076,1909f56bfc062723c751e8b465ee728b)
Start importing Assets/scripts/MoveEsqueleto.cs using Guid(94f9f9811ca17e44dae9845507fab62f) Importer(815301076,1909f56bfc062723c751e8b465ee728b)  -> (artifact id: '33ff5f6a07659af9abf02b496ccb1781') in 0.096594 seconds 
========================================================================
Received Import Request.
  Time since last request: 3264.458765 seconds.
  path: Assets/Scenes
  artifactKey: Guid(131a6b21c8605f84396be9f6751fb6e3) Importer(815301076,1909f56bfc062723c751e8b465ee728b)
Start importing Assets/Scenes using Guid(131a6b21c8605f84396be9f6751fb6e3) Importer(815301076,1909f56bfc062723c751e8b465ee728b)  -> (artifact id: 'df75b7d1a31c5b4f73fd45661b403b04') in 0.032612 seconds 
========================================================================
Received Import Request.
  Time since last request: 14.829253 seconds.
  path: Assets/Background
  artifactKey: Guid(820dfdd37ef7dd04da888bccf0c7c494) Importer(815301076,1909f56bfc062723c751e8b465ee728b)
Start importing Assets/Background using Guid(820dfdd37ef7dd04da888bccf0c7c494) Importer(815301076,1909f56bfc062723c751e8b465ee728b)  -> (artifact id: '8a357ef4234ba112fd62e74b046b181c') in 0.020823 seconds 
========================================================================
Received Import Request.
  Time since last request: 15.936450 seconds.
  path: Assets/Background/arbol1.png
  artifactKey: Guid(b8d7f4a7866b4174cb36c370814f2512) Importer(815301076,1909f56bfc062723c751e8b465ee728b)
Start importing Assets/Background/arbol1.png using Guid(b8d7f4a7866b4174cb36c370814f2512) Importer(815301076,1909f56bfc062723c751e8b465ee728b)  -> (artifact id: '70ec9c2f15c42bf3600ec449ab1155e9') in 0.965778 seconds 
========================================================================
Received Import Request.
  Time since last request: 0.000318 seconds.
  path: Assets/Background/arbol2.png
  artifactKey: Guid(1a63a095a1b5fdb449d5abeaf0589c7c) Importer(815301076,1909f56bfc062723c751e8b465ee728b)
Start importing Assets/Background/arbol2.png using Guid(1a63a095a1b5fdb449d5abeaf0589c7c) Importer(815301076,1909f56bfc062723c751e8b465ee728b)  -> (artifact id: '0926dbf0ce7642ca2a24f461df040a66') in 0.026862 seconds 
========================================================================
Received Import Request.
  Time since last request: 15.189230 seconds.
  path: Assets/Background/arbol1.png
  artifactKey: Guid(b8d7f4a7866b4174cb36c370814f2512) Importer(815301076,1909f56bfc062723c751e8b465ee728b)
Start importing Assets/Background/arbol1.png using Guid(b8d7f4a7866b4174cb36c370814f2512) Importer(815301076,1909f56bfc062723c751e8b465ee728b)  -> (artifact id: '439f3080e159ae9649048c7642160bfe') in 0.034034 seconds 
========================================================================
Received Import Request.
  Time since last request: 411.132303 seconds.
  path: Assets/Background/arbol2.png
  artifactKey: Guid(1a63a095a1b5fdb449d5abeaf0589c7c) Importer(815301076,1909f56bfc062723c751e8b465ee728b)
Start importing Assets/Background/arbol2.png using Guid(1a63a095a1b5fdb449d5abeaf0589c7c) Importer(815301076,1909f56bfc062723c751e8b465ee728b)  -> (artifact id: 'fbeb79d1e0af93c4e72979eca8061e9a') in 0.071843 seconds 
========================================================================
Received Import Request.
  Time since last request: 81.523573 seconds.
  path: Assets/Background/arbol2.asset
  artifactKey: Guid(3e1efa3cfc701af4bace4a9386c810b5) Importer(815301076,1909f56bfc062723c751e8b465ee728b)
Start importing Assets/Background/arbol2.asset using Guid(3e1efa3cfc701af4bace4a9386c810b5) Importer(815301076,1909f56bfc062723c751e8b465ee728b)  -> (artifact id: '05eff0093a3dffbe234a1a32253827c7') in 0.134964 seconds 
========================================================================
Received Import Request.
  Time since last request: 13.839820 seconds.
  path: Assets/Background/arbol2.png
  artifactKey: Guid(1a63a095a1b5fdb449d5abeaf0589c7c) Importer(815301076,1909f56bfc062723c751e8b465ee728b)
Start importing Assets/Background/arbol2.png using Guid(1a63a095a1b5fdb449d5abeaf0589c7c) Importer(815301076,1909f56bfc062723c751e8b465ee728b)  -> (artifact id: '18dbd4d3236d305582b5c6e116ebbb5e') in 0.023527 seconds 
========================================================================
Received Import Request.
  Time since last request: 32.289647 seconds.
  path: Assets/Background/arbol2.png
  artifactKey: Guid(1a63a095a1b5fdb449d5abeaf0589c7c) Importer(815301076,1909f56bfc062723c751e8b465ee728b)
Start importing Assets/Background/arbol2.png using Guid(1a63a095a1b5fdb449d5abeaf0589c7c) Importer(815301076,1909f56bfc062723c751e8b465ee728b)  -> (artifact id: '04125b039eb5496e3dd062e8d0792767') in 0.022320 seconds 
========================================================================
Received Import Request.
  Time since last request: 1.563998 seconds.
  path: Assets/Background/arbol1.png
  artifactKey: Guid(b8d7f4a7866b4174cb36c370814f2512) Importer(815301076,1909f56bfc062723c751e8b465ee728b)
Start importing Assets/Background/arbol1.png using Guid(b8d7f4a7866b4174cb36c370814f2512) Importer(815301076,1909f56bfc062723c751e8b465ee728b)  -> (artifact id: 'a1e1d9069b3388a08690b2120fbcbae0') in 0.022402 seconds 
========================================================================
Received Import Request.
  Time since last request: 1.336962 seconds.
  path: Assets/Background/arbol1.png
  artifactKey: Guid(b8d7f4a7866b4174cb36c370814f2512) Importer(815301076,1909f56bfc062723c751e8b465ee728b)
Start importing Assets/Background/arbol1.png using Guid(b8d7f4a7866b4174cb36c370814f2512) Importer(815301076,1909f56bfc062723c751e8b465ee728b)  -> (artifact id: 'e8291bdec42f6579b96a4382e4bf111e') in 0.040173 seconds 
========================================================================
Received Import Request.
  Time since last request: 39.885528 seconds.
  path: Assets/Palette/Arbol.prefab
  artifactKey: Guid(feb84ae8efee59e4aaf35096d8e37309) Importer(815301076,1909f56bfc062723c751e8b465ee728b)
Start importing Assets/Palette/Arbol.prefab using Guid(feb84ae8efee59e4aaf35096d8e37309) Importer(815301076,1909f56bfc062723c751e8b465ee728b)  -> (artifact id: '55c07b61b8d96ea76884046d51f00e27') in 0.245677 seconds 
========================================================================
Received Import Request.
  Time since last request: 0.000441 seconds.
  path: Assets/Palette/Palette.prefab
  artifactKey: Guid(b97ef17a7566bde4a92c5575964a0b40) Importer(815301076,1909f56bfc062723c751e8b465ee728b)
Start importing Assets/Palette/Palette.prefab using Guid(b97ef17a7566bde4a92c5575964a0b40) Importer(815301076,1909f56bfc062723c751e8b465ee728b)  -> (artifact id: 'b95784916b0bb9c11beeba0d2feb0c97') in 0.233704 seconds 
========================================================================
Received Prepare
Registering precompiled user dll's ...
Registered in 0.005476 seconds.
Begin MonoManager ReloadAssembly
Native extension for WindowsStandalone target not found
Refreshing native plugins compatible for Editor in 0.71 ms, found 3 plugins.
Preloading 0 native plugins for Editor in 0.00 ms.
Mono: successfully reloaded assembly
- Completed reload, in  1.844 seconds
Domain Reload Profiling:
	ReloadAssembly (1848ms)
		BeginReloadAssembly (462ms)
			ExecutionOrderSort (0ms)
			DisableScriptedObjects (40ms)
			BackupInstance (0ms)
			ReleaseScriptingObjects (0ms)
			CreateAndSetChildDomain (169ms)
		EndReloadAssembly (1241ms)
			LoadAssemblies (262ms)
			RebuildTransferFunctionScriptingTraits (0ms)
			SetupTypeCache (462ms)
			ReleaseScriptCaches (2ms)
			RebuildScriptCaches (63ms)
			SetupLoadedEditorAssemblies (438ms)
				LogAssemblyErrors (0ms)
				InitializePlatformSupportModulesInManaged (7ms)
				SetLoadedEditorAssemblies (1ms)
				RefreshPlugins (1ms)
				BeforeProcessingInitializeOnLoad (94ms)
				ProcessInitializeOnLoadAttributes (301ms)
				ProcessInitializeOnLoadMethodAttributes (23ms)
				AfterProcessingInitializeOnLoad (12ms)
				EditorAssembliesLoaded (0ms)
			ExecutionOrderSort2 (0ms)
			AwakeInstancesAfterBackupRestoration (6ms)
Platform modules already initialized, skipping
Refreshing native plugins compatible for Editor in 0.65 ms, found 3 plugins.
Preloading 0 native plugins for Editor in 0.00 ms.
Unloading 2202 Unused Serialized files (Serialized files now loaded: 0)
System memory in use before: 100.3 MB.
System memory in use after: 100.3 MB.

Unloading 20 unused Assets to reduce memory usage. Loaded Objects now: 2655.
Total: 4.869700 ms (FindLiveObjects: 0.256300 ms CreateObjectMapping: 0.072200 ms MarkObjects: 4.373900 ms  DeleteObjects: 0.165500 ms)

AssetImportParameters requested are different than current active one (requested -> active):
  custom:framework-win-MediaFoundation: 216162199b28c13a410421893ffa2e32 -> 
  custom:video-decoder-ogg-theora: a1e56fd34408186e4bbccfd4996cb3dc -> 
  custom:container-muxer-webm: aa71ff27fc2769a1b78a27578f13a17b -> 
  custom:container-demuxer-webm: 4f35f7cbe854078d1ac9338744f61a02 -> 
  custom:container-demuxer-ogg: 62fdf1f143b41e24485cea50d1cbac27 -> 
  custom:video-encoder-webm-vp8: eb34c28f22e8b96e1ab97ce403110664 -> 
  custom:video-decoder-webm-vp8: 9c59270c3fd7afecdb556c50c9e8de78 -> 
  custom:audio-decoder-ogg-vorbis: bf7c407c2cedff20999df2af8eb42d56 -> 
  custom:audio-encoder-webm-vorbis: bf7c407c2cedff20999df2af8eb42d56 -> 
========================================================================
Received Prepare
Registering precompiled user dll's ...
Registered in 0.005724 seconds.
Begin MonoManager ReloadAssembly
Native extension for WindowsStandalone target not found
Refreshing native plugins compatible for Editor in 0.63 ms, found 3 plugins.
Preloading 0 native plugins for Editor in 0.00 ms.
Mono: successfully reloaded assembly
- Completed reload, in  1.538 seconds
Domain Reload Profiling:
	ReloadAssembly (1540ms)
		BeginReloadAssembly (166ms)
			ExecutionOrderSort (0ms)
			DisableScriptedObjects (10ms)
			BackupInstance (0ms)
			ReleaseScriptingObjects (0ms)
			CreateAndSetChildDomain (45ms)
		EndReloadAssembly (1282ms)
			LoadAssemblies (146ms)
			RebuildTransferFunctionScriptingTraits (0ms)
			SetupTypeCache (455ms)
			ReleaseScriptCaches (1ms)
			RebuildScriptCaches (63ms)
			SetupLoadedEditorAssemblies (492ms)
				LogAssemblyErrors (0ms)
				InitializePlatformSupportModulesInManaged (6ms)
				SetLoadedEditorAssemblies (1ms)
				RefreshPlugins (1ms)
				BeforeProcessingInitializeOnLoad (95ms)
				ProcessInitializeOnLoadAttributes (331ms)
				ProcessInitializeOnLoadMethodAttributes (45ms)
				AfterProcessingInitializeOnLoad (13ms)
				EditorAssembliesLoaded (0ms)
			ExecutionOrderSort2 (0ms)
			AwakeInstancesAfterBackupRestoration (6ms)
Platform modules already initialized, skipping
Refreshing native plugins compatible for Editor in 0.59 ms, found 3 plugins.
Preloading 0 native plugins for Editor in 0.00 ms.
Unloading 2202 Unused Serialized files (Serialized files now loaded: 0)
System memory in use before: 100.4 MB.
System memory in use after: 100.3 MB.

Unloading 20 unused Assets to reduce memory usage. Loaded Objects now: 2658.
Total: 4.269300 ms (FindLiveObjects: 0.287600 ms CreateObjectMapping: 0.060400 ms MarkObjects: 3.683300 ms  DeleteObjects: 0.236000 ms)

AssetImportParameters requested are different than current active one (requested -> active):
  custom:framework-win-MediaFoundation: 216162199b28c13a410421893ffa2e32 -> 
  custom:video-decoder-ogg-theora: a1e56fd34408186e4bbccfd4996cb3dc -> 
  custom:container-muxer-webm: aa71ff27fc2769a1b78a27578f13a17b -> 
  custom:container-demuxer-webm: 4f35f7cbe854078d1ac9338744f61a02 -> 
  custom:container-demuxer-ogg: 62fdf1f143b41e24485cea50d1cbac27 -> 
  custom:video-encoder-webm-vp8: eb34c28f22e8b96e1ab97ce403110664 -> 
  custom:video-decoder-webm-vp8: 9c59270c3fd7afecdb556c50c9e8de78 -> 
  custom:audio-decoder-ogg-vorbis: bf7c407c2cedff20999df2af8eb42d56 -> 
  custom:audio-encoder-webm-vorbis: bf7c407c2cedff20999df2af8eb42d56 -> 
========================================================================
Received Prepare
Registering precompiled user dll's ...
Registered in 0.006965 seconds.
Begin MonoManager ReloadAssembly
Native extension for WindowsStandalone target not found
Refreshing native plugins compatible for Editor in 0.68 ms, found 3 plugins.
Preloading 0 native plugins for Editor in 0.00 ms.
Mono: successfully reloaded assembly
- Completed reload, in  1.442 seconds
Domain Reload Profiling:
	ReloadAssembly (1443ms)
		BeginReloadAssembly (178ms)
			ExecutionOrderSort (0ms)
			DisableScriptedObjects (9ms)
			BackupInstance (0ms)
			ReleaseScriptingObjects (0ms)
			CreateAndSetChildDomain (49ms)
		EndReloadAssembly (1171ms)
			LoadAssemblies (154ms)
			RebuildTransferFunctionScriptingTraits (0ms)
			SetupTypeCache (431ms)
			ReleaseScriptCaches (1ms)
			RebuildScriptCaches (60ms)
			SetupLoadedEditorAssemblies (411ms)
				LogAssemblyErrors (0ms)
				InitializePlatformSupportModulesInManaged (7ms)
				SetLoadedEditorAssemblies (1ms)
				RefreshPlugins (1ms)
				BeforeProcessingInitializeOnLoad (89ms)
				ProcessInitializeOnLoadAttributes (279ms)
				ProcessInitializeOnLoadMethodAttributes (22ms)
				AfterProcessingInitializeOnLoad (12ms)
				EditorAssembliesLoaded (0ms)
			ExecutionOrderSort2 (0ms)
			AwakeInstancesAfterBackupRestoration (6ms)
Platform modules already initialized, skipping
Refreshing native plugins compatible for Editor in 1.12 ms, found 3 plugins.
Preloading 0 native plugins for Editor in 0.00 ms.
Unloading 2202 Unused Serialized files (Serialized files now loaded: 0)
System memory in use before: 100.4 MB.
System memory in use after: 100.3 MB.

Unloading 20 unused Assets to reduce memory usage. Loaded Objects now: 2661.
Total: 6.314100 ms (FindLiveObjects: 0.308800 ms CreateObjectMapping: 0.149400 ms MarkObjects: 5.586000 ms  DeleteObjects: 0.268100 ms)

AssetImportParameters requested are different than current active one (requested -> active):
  custom:framework-win-MediaFoundation: 216162199b28c13a410421893ffa2e32 -> 
  custom:video-decoder-ogg-theora: a1e56fd34408186e4bbccfd4996cb3dc -> 
  custom:container-muxer-webm: aa71ff27fc2769a1b78a27578f13a17b -> 
  custom:container-demuxer-webm: 4f35f7cbe854078d1ac9338744f61a02 -> 
  custom:container-demuxer-ogg: 62fdf1f143b41e24485cea50d1cbac27 -> 
  custom:video-encoder-webm-vp8: eb34c28f22e8b96e1ab97ce403110664 -> 
  custom:video-decoder-webm-vp8: 9c59270c3fd7afecdb556c50c9e8de78 -> 
  custom:audio-decoder-ogg-vorbis: bf7c407c2cedff20999df2af8eb42d56 -> 
  custom:audio-encoder-webm-vorbis: bf7c407c2cedff20999df2af8eb42d56 -> 
========================================================================
Received Import Request.
  Time since last request: 776.932072 seconds.
  path: Assets/Esqueleto/Caminar/frame 1.png
  artifactKey: Guid(85e1a43f5972ca64fa8b307a88eebf79) Importer(815301076,1909f56bfc062723c751e8b465ee728b)
Start importing Assets/Esqueleto/Caminar/frame 1.png using Guid(85e1a43f5972ca64fa8b307a88eebf79) Importer(815301076,1909f56bfc062723c751e8b465ee728b)  -> (artifact id: 'db750c87fea93745c98c0fcad5f599d7') in 0.109691 seconds 
========================================================================
Received Prepare
Registering precompiled user dll's ...
Registered in 0.009953 seconds.
Begin MonoManager ReloadAssembly
Native extension for WindowsStandalone target not found
Refreshing native plugins compatible for Editor in 0.87 ms, found 3 plugins.
Preloading 0 native plugins for Editor in 0.00 ms.
Mono: successfully reloaded assembly
- Completed reload, in  1.696 seconds
Domain Reload Profiling:
	ReloadAssembly (1697ms)
		BeginReloadAssembly (200ms)
			ExecutionOrderSort (0ms)
			DisableScriptedObjects (10ms)
			BackupInstance (0ms)
			ReleaseScriptingObjects (0ms)
			CreateAndSetChildDomain (56ms)
		EndReloadAssembly (1377ms)
			LoadAssemblies (193ms)
			RebuildTransferFunctionScriptingTraits (0ms)
			SetupTypeCache (479ms)
			ReleaseScriptCaches (2ms)
			RebuildScriptCaches (79ms)
			SetupLoadedEditorAssemblies (481ms)
				LogAssemblyErrors (0ms)
				InitializePlatformSupportModulesInManaged (9ms)
				SetLoadedEditorAssemblies (1ms)
				RefreshPlugins (1ms)
				BeforeProcessingInitializeOnLoad (107ms)
				ProcessInitializeOnLoadAttributes (324ms)
				ProcessInitializeOnLoadMethodAttributes (27ms)
				AfterProcessingInitializeOnLoad (13ms)
				EditorAssembliesLoaded (0ms)
			ExecutionOrderSort2 (0ms)
			AwakeInstancesAfterBackupRestoration (8ms)
Platform modules already initialized, skipping
Refreshing native plugins compatible for Editor in 0.83 ms, found 3 plugins.
Preloading 0 native plugins for Editor in 0.00 ms.
Unloading 2202 Unused Serialized files (Serialized files now loaded: 0)
System memory in use before: 100.4 MB.
System memory in use after: 100.4 MB.

Unloading 20 unused Assets to reduce memory usage. Loaded Objects now: 2667.
Total: 4.522200 ms (FindLiveObjects: 0.288200 ms CreateObjectMapping: 0.076400 ms MarkObjects: 3.973200 ms  DeleteObjects: 0.182200 ms)

AssetImportParameters requested are different than current active one (requested -> active):
  custom:framework-win-MediaFoundation: 216162199b28c13a410421893ffa2e32 -> 
  custom:video-decoder-ogg-theora: a1e56fd34408186e4bbccfd4996cb3dc -> 
  custom:container-muxer-webm: aa71ff27fc2769a1b78a27578f13a17b -> 
  custom:container-demuxer-webm: 4f35f7cbe854078d1ac9338744f61a02 -> 
  custom:container-demuxer-ogg: 62fdf1f143b41e24485cea50d1cbac27 -> 
  custom:video-encoder-webm-vp8: eb34c28f22e8b96e1ab97ce403110664 -> 
  custom:video-decoder-webm-vp8: 9c59270c3fd7afecdb556c50c9e8de78 -> 
  custom:audio-decoder-ogg-vorbis: bf7c407c2cedff20999df2af8eb42d56 -> 
  custom:audio-encoder-webm-vorbis: bf7c407c2cedff20999df2af8eb42d56 -> 
========================================================================
Received Prepare
Registering precompiled user dll's ...
Registered in 0.013455 seconds.
Begin MonoManager ReloadAssembly
Native extension for WindowsStandalone target not found
Refreshing native plugins compatible for Editor in 1.01 ms, found 3 plugins.
Preloading 0 native plugins for Editor in 0.00 ms.
Mono: successfully reloaded assembly
- Completed reload, in  1.560 seconds
Domain Reload Profiling:
	ReloadAssembly (1560ms)
		BeginReloadAssembly (177ms)
			ExecutionOrderSort (0ms)
			DisableScriptedObjects (9ms)
			BackupInstance (0ms)
			ReleaseScriptingObjects (0ms)
			CreateAndSetChildDomain (45ms)
		EndReloadAssembly (1279ms)
			LoadAssemblies (169ms)
			RebuildTransferFunctionScriptingTraits (0ms)
			SetupTypeCache (405ms)
			ReleaseScriptCaches (1ms)
			RebuildScriptCaches (57ms)
			SetupLoadedEditorAssemblies (518ms)
				LogAssemblyErrors (0ms)
				InitializePlatformSupportModulesInManaged (8ms)
				SetLoadedEditorAssemblies (1ms)
				RefreshPlugins (1ms)
				BeforeProcessingInitializeOnLoad (117ms)
				ProcessInitializeOnLoadAttributes (349ms)
				ProcessInitializeOnLoadMethodAttributes (29ms)
				AfterProcessingInitializeOnLoad (12ms)
				EditorAssembliesLoaded (0ms)
			ExecutionOrderSort2 (0ms)
			AwakeInstancesAfterBackupRestoration (6ms)
Platform modules already initialized, skipping
Refreshing native plugins compatible for Editor in 0.83 ms, found 3 plugins.
Preloading 0 native plugins for Editor in 0.00 ms.
Unloading 2202 Unused Serialized files (Serialized files now loaded: 0)
System memory in use before: 100.4 MB.
System memory in use after: 100.4 MB.

Unloading 20 unused Assets to reduce memory usage. Loaded Objects now: 2670.
Total: 4.682000 ms (FindLiveObjects: 0.234000 ms CreateObjectMapping: 0.060300 ms MarkObjects: 4.222700 ms  DeleteObjects: 0.163000 ms)

AssetImportParameters requested are different than current active one (requested -> active):
  custom:framework-win-MediaFoundation: 216162199b28c13a410421893ffa2e32 -> 
  custom:video-decoder-ogg-theora: a1e56fd34408186e4bbccfd4996cb3dc -> 
  custom:container-muxer-webm: aa71ff27fc2769a1b78a27578f13a17b -> 
  custom:container-demuxer-webm: 4f35f7cbe854078d1ac9338744f61a02 -> 
  custom:container-demuxer-ogg: 62fdf1f143b41e24485cea50d1cbac27 -> 
  custom:video-encoder-webm-vp8: eb34c28f22e8b96e1ab97ce403110664 -> 
  custom:video-decoder-webm-vp8: 9c59270c3fd7afecdb556c50c9e8de78 -> 
  custom:audio-decoder-ogg-vorbis: bf7c407c2cedff20999df2af8eb42d56 -> 
  custom:audio-encoder-webm-vorbis: bf7c407c2cedff20999df2af8eb42d56 -> 
========================================================================
Received Import Request.
  Time since last request: 280.584967 seconds.
  path: Assets/Esqueleto/Caminar/frame 12.png
  artifactKey: Guid(040da892c5977284982aa34eae4d94e3) Importer(815301076,1909f56bfc062723c751e8b465ee728b)
Start importing Assets/Esqueleto/Caminar/frame 12.png using Guid(040da892c5977284982aa34eae4d94e3) Importer(815301076,1909f56bfc062723c751e8b465ee728b)  -> (artifact id: '7f054301651ab8c2d43ade989588af49') in 0.119659 seconds 
========================================================================
Received Import Request.
  Time since last request: 4.159042 seconds.
  path: Assets/Esqueleto/Caminar/frame 2.png
  artifactKey: Guid(7b4f8ad250eac66419c06f2d886ea4b7) Importer(815301076,1909f56bfc062723c751e8b465ee728b)
Start importing Assets/Esqueleto/Caminar/frame 2.png using Guid(7b4f8ad250eac66419c06f2d886ea4b7) Importer(815301076,1909f56bfc062723c751e8b465ee728b)  -> (artifact id: 'f1a677d22fd5735d1f14d842bfac7061') in 0.038301 seconds 
========================================================================
Received Import Request.
  Time since last request: 0.000368 seconds.
  path: Assets/Esqueleto/Caminar/frame 5.png
  artifactKey: Guid(26dd1bb3828dab449a863978b5d2fbe6) Importer(815301076,1909f56bfc062723c751e8b465ee728b)
Start importing Assets/Esqueleto/Caminar/frame 5.png using Guid(26dd1bb3828dab449a863978b5d2fbe6) Importer(815301076,1909f56bfc062723c751e8b465ee728b)  -> (artifact id: '40c212725bf8b66d32d8c4bf7f085df1') in 0.033021 seconds 
========================================================================
Received Import Request.
  Time since last request: 0.000376 seconds.
  path: Assets/Esqueleto/Caminar/frame 11.png
  artifactKey: Guid(91ecb9265bb16304f8cc023e856d46d4) Importer(815301076,1909f56bfc062723c751e8b465ee728b)
Start importing Assets/Esqueleto/Caminar/frame 11.png using Guid(91ecb9265bb16304f8cc023e856d46d4) Importer(815301076,1909f56bfc062723c751e8b465ee728b)  -> (artifact id: '9774dfd341d2b518855d769c12498b4b') in 0.026336 seconds 
========================================================================
Received Import Request.
  Time since last request: 0.000479 seconds.
  path: Assets/Esqueleto/Caminar/frame 10.png
  artifactKey: Guid(acb7368f507f8484d8b354fe61f0d5f2) Importer(815301076,1909f56bfc062723c751e8b465ee728b)
Start importing Assets/Esqueleto/Caminar/frame 10.png using Guid(acb7368f507f8484d8b354fe61f0d5f2) Importer(815301076,1909f56bfc062723c751e8b465ee728b)  -> (artifact id: '0904b2bb1ca19e47dad638280bcfa7c2') in 0.032471 seconds 
========================================================================
Received Import Request.
  Time since last request: 0.000785 seconds.
  path: Assets/Esqueleto/Caminar/frame 9.png
  artifactKey: Guid(b922d86f8a15968498c5ba211c0da9ee) Importer(815301076,1909f56bfc062723c751e8b465ee728b)
Start importing Assets/Esqueleto/Caminar/frame 9.png using Guid(b922d86f8a15968498c5ba211c0da9ee) Importer(815301076,1909f56bfc062723c751e8b465ee728b)  -> (artifact id: '21db6867ee96c7dedae8305929652052') in 0.044267 seconds 
========================================================================
Received Import Request.
  Time since last request: 0.000633 seconds.
  path: Assets/Esqueleto/Caminar/frame 4.png
  artifactKey: Guid(4866e45c34cec4b4282e0d4290a8359a) Importer(815301076,1909f56bfc062723c751e8b465ee728b)
Start importing Assets/Esqueleto/Caminar/frame 4.png using Guid(4866e45c34cec4b4282e0d4290a8359a) Importer(815301076,1909f56bfc062723c751e8b465ee728b)  -> (artifact id: 'a4d5f4070b6caee95f900d3268926e65') in 0.043205 seconds 
========================================================================
Received Import Request.
  Time since last request: 0.000471 seconds.
  path: Assets/Esqueleto/Caminar/frame 7.png
  artifactKey: Guid(d73935f866921324b9e5807ba5b642e8) Importer(815301076,1909f56bfc062723c751e8b465ee728b)
Start importing Assets/Esqueleto/Caminar/frame 7.png using Guid(d73935f866921324b9e5807ba5b642e8) Importer(815301076,1909f56bfc062723c751e8b465ee728b)  -> (artifact id: 'f29937294696d9fa012ce56c2939398b') in 0.039772 seconds 
========================================================================
Received Import Request.
  Time since last request: 0.000705 seconds.
  path: Assets/Esqueleto/Caminar/frame 6.png
  artifactKey: Guid(1fb9559107f334447892889b29e3e9a8) Importer(815301076,1909f56bfc062723c751e8b465ee728b)
Start importing Assets/Esqueleto/Caminar/frame 6.png using Guid(1fb9559107f334447892889b29e3e9a8) Importer(815301076,1909f56bfc062723c751e8b465ee728b)  -> (artifact id: '11e01ecefe43eaea6deb1c712e764038') in 0.032089 seconds 
========================================================================
Received Import Request.
  Time since last request: 0.000573 seconds.
  path: Assets/Esqueleto/Caminar/frame 8.png
  artifactKey: Guid(d95b7bc946d14ac46bde14079136b7af) Importer(815301076,1909f56bfc062723c751e8b465ee728b)
Start importing Assets/Esqueleto/Caminar/frame 8.png using Guid(d95b7bc946d14ac46bde14079136b7af) Importer(815301076,1909f56bfc062723c751e8b465ee728b)  -> (artifact id: '0fd7d3136528b8915f4f4228f61fa77f') in 0.029944 seconds 
========================================================================
Received Import Request.
  Time since last request: 0.000800 seconds.
  path: Assets/Esqueleto/Caminar/frame 3.png
  artifactKey: Guid(57e52da338f49ff4d8537ee35ef7f753) Importer(815301076,1909f56bfc062723c751e8b465ee728b)
Start importing Assets/Esqueleto/Caminar/frame 3.png using Guid(57e52da338f49ff4d8537ee35ef7f753) Importer(815301076,1909f56bfc062723c751e8b465ee728b)  -> (artifact id: 'ec34eda1d580df2c4902e35185c9f59f') in 0.042015 seconds 
========================================================================
Received Prepare
Registering precompiled user dll's ...
Registered in 0.006379 seconds.
Begin MonoManager ReloadAssembly
Native extension for WindowsStandalone target not found
Refreshing native plugins compatible for Editor in 0.88 ms, found 3 plugins.
Preloading 0 native plugins for Editor in 0.00 ms.
Mono: successfully reloaded assembly
- Completed reload, in  1.583 seconds
Domain Reload Profiling:
	ReloadAssembly (1583ms)
		BeginReloadAssembly (198ms)
			ExecutionOrderSort (0ms)
			DisableScriptedObjects (13ms)
			BackupInstance (0ms)
			ReleaseScriptingObjects (0ms)
			CreateAndSetChildDomain (57ms)
		EndReloadAssembly (1289ms)
			LoadAssemblies (152ms)
			RebuildTransferFunctionScriptingTraits (0ms)
			SetupTypeCache (437ms)
			ReleaseScriptCaches (1ms)
			RebuildScriptCaches (57ms)
			SetupLoadedEditorAssemblies (496ms)
				LogAssemblyErrors (0ms)
				InitializePlatformSupportModulesInManaged (8ms)
				SetLoadedEditorAssemblies (2ms)
				RefreshPlugins (1ms)
				BeforeProcessingInitializeOnLoad (105ms)
				ProcessInitializeOnLoadAttributes (339ms)
				ProcessInitializeOnLoadMethodAttributes (29ms)
				AfterProcessingInitializeOnLoad (13ms)
				EditorAssembliesLoaded (0ms)
			ExecutionOrderSort2 (0ms)
			AwakeInstancesAfterBackupRestoration (7ms)
Platform modules already initialized, skipping
Refreshing native plugins compatible for Editor in 0.83 ms, found 3 plugins.
Preloading 0 native plugins for Editor in 0.00 ms.
Unloading 2202 Unused Serialized files (Serialized files now loaded: 0)
System memory in use before: 100.4 MB.
System memory in use after: 100.4 MB.

Unloading 20 unused Assets to reduce memory usage. Loaded Objects now: 2676.
Total: 4.733900 ms (FindLiveObjects: 0.481100 ms CreateObjectMapping: 0.146700 ms MarkObjects: 3.892600 ms  DeleteObjects: 0.212100 ms)

AssetImportParameters requested are different than current active one (requested -> active):
  custom:framework-win-MediaFoundation: 216162199b28c13a410421893ffa2e32 -> 
  custom:video-decoder-ogg-theora: a1e56fd34408186e4bbccfd4996cb3dc -> 
  custom:container-muxer-webm: aa71ff27fc2769a1b78a27578f13a17b -> 
  custom:container-demuxer-webm: 4f35f7cbe854078d1ac9338744f61a02 -> 
  custom:container-demuxer-ogg: 62fdf1f143b41e24485cea50d1cbac27 -> 
  custom:video-encoder-webm-vp8: eb34c28f22e8b96e1ab97ce403110664 -> 
  custom:video-decoder-webm-vp8: 9c59270c3fd7afecdb556c50c9e8de78 -> 
  custom:audio-decoder-ogg-vorbis: bf7c407c2cedff20999df2af8eb42d56 -> 
  custom:audio-encoder-webm-vorbis: bf7c407c2cedff20999df2af8eb42d56 -> 
========================================================================
Received Import Request.
  Time since last request: 71.984591 seconds.
  path: Assets/Esqueleto/Caminar/frame 2.png
  artifactKey: Guid(7b4f8ad250eac66419c06f2d886ea4b7) Importer(815301076,1909f56bfc062723c751e8b465ee728b)
Start importing Assets/Esqueleto/Caminar/frame 2.png using Guid(7b4f8ad250eac66419c06f2d886ea4b7) Importer(815301076,1909f56bfc062723c751e8b465ee728b)  -> (artifact id: 'd1686a835098da56d248aa0b3874979e') in 0.087724 seconds 
========================================================================
Received Import Request.
  Time since last request: 11.430063 seconds.
  path: Assets/Esqueleto/Caminar/frame 12.png
  artifactKey: Guid(040da892c5977284982aa34eae4d94e3) Importer(815301076,1909f56bfc062723c751e8b465ee728b)
Start importing Assets/Esqueleto/Caminar/frame 12.png using Guid(040da892c5977284982aa34eae4d94e3) Importer(815301076,1909f56bfc062723c751e8b465ee728b)  -> (artifact id: '0e08a9dcb8bca9059a7b3d522d0c5276') in 0.032515 seconds 
========================================================================
Received Import Request.
  Time since last request: 6.761226 seconds.
  path: Assets/Esqueleto/Caminar/frame 11.png
  artifactKey: Guid(91ecb9265bb16304f8cc023e856d46d4) Importer(815301076,1909f56bfc062723c751e8b465ee728b)
Start importing Assets/Esqueleto/Caminar/frame 11.png using Guid(91ecb9265bb16304f8cc023e856d46d4) Importer(815301076,1909f56bfc062723c751e8b465ee728b)  -> (artifact id: 'f610f4845c2f31d4965503e13856b82f') in 0.043027 seconds 
========================================================================
Received Import Request.
  Time since last request: 8.148083 seconds.
  path: Assets/Esqueleto/Caminar/frame 10.png
  artifactKey: Guid(acb7368f507f8484d8b354fe61f0d5f2) Importer(815301076,1909f56bfc062723c751e8b465ee728b)
Start importing Assets/Esqueleto/Caminar/frame 10.png using Guid(acb7368f507f8484d8b354fe61f0d5f2) Importer(815301076,1909f56bfc062723c751e8b465ee728b)  -> (artifact id: '31e9afb018a3dfcb468d43f0311a50d9') in 0.049483 seconds 
========================================================================
Received Import Request.
  Time since last request: 7.888420 seconds.
  path: Assets/Esqueleto/Caminar/frame 9.png
  artifactKey: Guid(b922d86f8a15968498c5ba211c0da9ee) Importer(815301076,1909f56bfc062723c751e8b465ee728b)
Start importing Assets/Esqueleto/Caminar/frame 9.png using Guid(b922d86f8a15968498c5ba211c0da9ee) Importer(815301076,1909f56bfc062723c751e8b465ee728b)  -> (artifact id: '2ae46556b5166a63bf600710ee69ac75') in 0.058719 seconds 
========================================================================
Received Import Request.
  Time since last request: 11.590247 seconds.
  path: Assets/Esqueleto/Caminar/frame 8.png
  artifactKey: Guid(d95b7bc946d14ac46bde14079136b7af) Importer(815301076,1909f56bfc062723c751e8b465ee728b)
Start importing Assets/Esqueleto/Caminar/frame 8.png using Guid(d95b7bc946d14ac46bde14079136b7af) Importer(815301076,1909f56bfc062723c751e8b465ee728b)  -> (artifact id: '0569ce4060d2d58ea2c4b7a76212e362') in 0.037856 seconds 
========================================================================
Received Import Request.
  Time since last request: 9.689012 seconds.
  path: Assets/Esqueleto/Caminar/frame 7.png
  artifactKey: Guid(d73935f866921324b9e5807ba5b642e8) Importer(815301076,1909f56bfc062723c751e8b465ee728b)
Start importing Assets/Esqueleto/Caminar/frame 7.png using Guid(d73935f866921324b9e5807ba5b642e8) Importer(815301076,1909f56bfc062723c751e8b465ee728b)  -> (artifact id: '427d55436c00167187d94ed21e0190a3') in 0.032067 seconds 
========================================================================
Received Import Request.
  Time since last request: 5.942704 seconds.
  path: Assets/Esqueleto/Caminar/frame 6.png
  artifactKey: Guid(1fb9559107f334447892889b29e3e9a8) Importer(815301076,1909f56bfc062723c751e8b465ee728b)
Start importing Assets/Esqueleto/Caminar/frame 6.png using Guid(1fb9559107f334447892889b29e3e9a8) Importer(815301076,1909f56bfc062723c751e8b465ee728b)  -> (artifact id: '0138f9d7873d2767c800e53783973522') in 0.034961 seconds 
========================================================================
Received Import Request.
  Time since last request: 8.904886 seconds.
  path: Assets/Esqueleto/Caminar/frame 5.png
  artifactKey: Guid(26dd1bb3828dab449a863978b5d2fbe6) Importer(815301076,1909f56bfc062723c751e8b465ee728b)
Start importing Assets/Esqueleto/Caminar/frame 5.png using Guid(26dd1bb3828dab449a863978b5d2fbe6) Importer(815301076,1909f56bfc062723c751e8b465ee728b)  -> (artifact id: '390491be58a184211a5e91778b06e508') in 0.039111 seconds 
========================================================================
Received Import Request.
  Time since last request: 10.912050 seconds.
  path: Assets/Esqueleto/Caminar/frame 4.png
  artifactKey: Guid(4866e45c34cec4b4282e0d4290a8359a) Importer(815301076,1909f56bfc062723c751e8b465ee728b)
Start importing Assets/Esqueleto/Caminar/frame 4.png using Guid(4866e45c34cec4b4282e0d4290a8359a) Importer(815301076,1909f56bfc062723c751e8b465ee728b)  -> (artifact id: '9c6894cdd5f6d491b0cb0d893e449449') in 0.032267 seconds 
========================================================================
Received Import Request.
  Time since last request: 7.148186 seconds.
  path: Assets/Esqueleto/Caminar/frame 3.png
  artifactKey: Guid(57e52da338f49ff4d8537ee35ef7f753) Importer(815301076,1909f56bfc062723c751e8b465ee728b)
Start importing Assets/Esqueleto/Caminar/frame 3.png using Guid(57e52da338f49ff4d8537ee35ef7f753) Importer(815301076,1909f56bfc062723c751e8b465ee728b)  -> (artifact id: 'feadbb010393edee448bb42477b8d58d') in 0.048940 seconds 
========================================================================
Received Prepare
Registering precompiled user dll's ...
Registered in 0.005912 seconds.
Begin MonoManager ReloadAssembly
Native extension for WindowsStandalone target not found
Refreshing native plugins compatible for Editor in 0.60 ms, found 3 plugins.
Preloading 0 native plugins for Editor in 0.00 ms.
Mono: successfully reloaded assembly
- Completed reload, in  1.512 seconds
Domain Reload Profiling:
	ReloadAssembly (1512ms)
		BeginReloadAssembly (225ms)
			ExecutionOrderSort (0ms)
			DisableScriptedObjects (8ms)
			BackupInstance (0ms)
			ReleaseScriptingObjects (0ms)
			CreateAndSetChildDomain (72ms)
		EndReloadAssembly (1179ms)
			LoadAssemblies (178ms)
			RebuildTransferFunctionScriptingTraits (0ms)
			SetupTypeCache (415ms)
			ReleaseScriptCaches (1ms)
			RebuildScriptCaches (57ms)
			SetupLoadedEditorAssemblies (424ms)
				LogAssemblyErrors (0ms)
				InitializePlatformSupportModulesInManaged (7ms)
				SetLoadedEditorAssemblies (1ms)
				RefreshPlugins (1ms)
				BeforeProcessingInitializeOnLoad (92ms)
				ProcessInitializeOnLoadAttributes (284ms)
				ProcessInitializeOnLoadMethodAttributes (26ms)
				AfterProcessingInitializeOnLoad (14ms)
				EditorAssembliesLoaded (0ms)
			ExecutionOrderSort2 (0ms)
			AwakeInstancesAfterBackupRestoration (10ms)
Platform modules already initialized, skipping
Refreshing native plugins compatible for Editor in 0.61 ms, found 3 plugins.
Preloading 0 native plugins for Editor in 0.00 ms.
Unloading 2202 Unused Serialized files (Serialized files now loaded: 0)
System memory in use before: 100.4 MB.
System memory in use after: 100.4 MB.

Unloading 20 unused Assets to reduce memory usage. Loaded Objects now: 2683.
Total: 4.908700 ms (FindLiveObjects: 0.244600 ms CreateObjectMapping: 0.071000 ms MarkObjects: 4.408600 ms  DeleteObjects: 0.182900 ms)

AssetImportParameters requested are different than current active one (requested -> active):
  custom:framework-win-MediaFoundation: 216162199b28c13a410421893ffa2e32 -> 
  custom:video-decoder-ogg-theora: a1e56fd34408186e4bbccfd4996cb3dc -> 
  custom:container-muxer-webm: aa71ff27fc2769a1b78a27578f13a17b -> 
  custom:container-demuxer-webm: 4f35f7cbe854078d1ac9338744f61a02 -> 
  custom:container-demuxer-ogg: 62fdf1f143b41e24485cea50d1cbac27 -> 
  custom:video-encoder-webm-vp8: eb34c28f22e8b96e1ab97ce403110664 -> 
  custom:video-decoder-webm-vp8: 9c59270c3fd7afecdb556c50c9e8de78 -> 
  custom:audio-decoder-ogg-vorbis: bf7c407c2cedff20999df2af8eb42d56 -> 
  custom:audio-encoder-webm-vorbis: bf7c407c2cedff20999df2af8eb42d56 -> 
========================================================================
Received Prepare
Registering precompiled user dll's ...
Registered in 0.005955 seconds.
Begin MonoManager ReloadAssembly
Native extension for WindowsStandalone target not found
Refreshing native plugins compatible for Editor in 0.87 ms, found 3 plugins.
Preloading 0 native plugins for Editor in 0.00 ms.
Mono: successfully reloaded assembly
- Completed reload, in  2.815 seconds
Domain Reload Profiling:
	ReloadAssembly (2816ms)
		BeginReloadAssembly (429ms)
			ExecutionOrderSort (0ms)
			DisableScriptedObjects (206ms)
			BackupInstance (0ms)
			ReleaseScriptingObjects (0ms)
			CreateAndSetChildDomain (70ms)
		EndReloadAssembly (2265ms)
			LoadAssemblies (191ms)
			RebuildTransferFunctionScriptingTraits (0ms)
			SetupTypeCache (405ms)
			ReleaseScriptCaches (1ms)
			RebuildScriptCaches (57ms)
			SetupLoadedEditorAssemblies (461ms)
				LogAssemblyErrors (0ms)
				InitializePlatformSupportModulesInManaged (9ms)
				SetLoadedEditorAssemblies (1ms)
				RefreshPlugins (1ms)
				BeforeProcessingInitializeOnLoad (100ms)
				ProcessInitializeOnLoadAttributes (310ms)
				ProcessInitializeOnLoadMethodAttributes (26ms)
				AfterProcessingInitializeOnLoad (13ms)
				EditorAssembliesLoaded (0ms)
			ExecutionOrderSort2 (0ms)
			AwakeInstancesAfterBackupRestoration (6ms)
Platform modules already initialized, skipping
Refreshing native plugins compatible for Editor in 0.85 ms, found 3 plugins.
Preloading 0 native plugins for Editor in 0.00 ms.
Unloading 2202 Unused Serialized files (Serialized files now loaded: 0)
System memory in use before: 100.5 MB.
System memory in use after: 100.4 MB.

Unloading 20 unused Assets to reduce memory usage. Loaded Objects now: 2686.
Total: 4.858400 ms (FindLiveObjects: 0.402000 ms CreateObjectMapping: 0.138900 ms MarkObjects: 4.060400 ms  DeleteObjects: 0.253500 ms)

AssetImportParameters requested are different than current active one (requested -> active):
  custom:framework-win-MediaFoundation: 216162199b28c13a410421893ffa2e32 -> 
  custom:video-decoder-ogg-theora: a1e56fd34408186e4bbccfd4996cb3dc -> 
  custom:container-muxer-webm: aa71ff27fc2769a1b78a27578f13a17b -> 
  custom:container-demuxer-webm: 4f35f7cbe854078d1ac9338744f61a02 -> 
  custom:container-demuxer-ogg: 62fdf1f143b41e24485cea50d1cbac27 -> 
  custom:video-encoder-webm-vp8: eb34c28f22e8b96e1ab97ce403110664 -> 
  custom:video-decoder-webm-vp8: 9c59270c3fd7afecdb556c50c9e8de78 -> 
  custom:audio-decoder-ogg-vorbis: bf7c407c2cedff20999df2af8eb42d56 -> 
  custom:audio-encoder-webm-vorbis: bf7c407c2cedff20999df2af8eb42d56 -> 
========================================================================
Received Prepare
Registering precompiled user dll's ...
Registered in 0.006948 seconds.
Begin MonoManager ReloadAssembly
Native extension for WindowsStandalone target not found
Refreshing native plugins compatible for Editor in 1.15 ms, found 3 plugins.
Preloading 0 native plugins for Editor in 0.00 ms.
Mono: successfully reloaded assembly
- Completed reload, in  1.969 seconds
Domain Reload Profiling:
	ReloadAssembly (1970ms)
		BeginReloadAssembly (187ms)
			ExecutionOrderSort (0ms)
			DisableScriptedObjects (11ms)
			BackupInstance (0ms)
			ReleaseScriptingObjects (0ms)
			CreateAndSetChildDomain (54ms)
		EndReloadAssembly (1675ms)
			LoadAssemblies (153ms)
			RebuildTransferFunctionScriptingTraits (0ms)
			SetupTypeCache (553ms)
			ReleaseScriptCaches (2ms)
			RebuildScriptCaches (144ms)
			SetupLoadedEditorAssemblies (612ms)
				LogAssemblyErrors (0ms)
				InitializePlatformSupportModulesInManaged (15ms)
				SetLoadedEditorAssemblies (1ms)
				RefreshPlugins (1ms)
				BeforeProcessingInitializeOnLoad (131ms)
				ProcessInitializeOnLoadAttributes (408ms)
				ProcessInitializeOnLoadMethodAttributes (42ms)
				AfterProcessingInitializeOnLoad (15ms)
				EditorAssembliesLoaded (0ms)
			ExecutionOrderSort2 (0ms)
			AwakeInstancesAfterBackupRestoration (11ms)
Platform modules already initialized, skipping
Refreshing native plugins compatible for Editor in 2.23 ms, found 3 plugins.
Preloading 0 native plugins for Editor in 0.00 ms.
Unloading 2202 Unused Serialized files (Serialized files now loaded: 0)
System memory in use before: 100.5 MB.
System memory in use after: 100.4 MB.

Unloading 20 unused Assets to reduce memory usage. Loaded Objects now: 2689.
Total: 7.444900 ms (FindLiveObjects: 0.413900 ms CreateObjectMapping: 0.149100 ms MarkObjects: 6.561600 ms  DeleteObjects: 0.317600 ms)

AssetImportParameters requested are different than current active one (requested -> active):
  custom:framework-win-MediaFoundation: 216162199b28c13a410421893ffa2e32 -> 
  custom:video-decoder-ogg-theora: a1e56fd34408186e4bbccfd4996cb3dc -> 
  custom:container-muxer-webm: aa71ff27fc2769a1b78a27578f13a17b -> 
  custom:container-demuxer-webm: 4f35f7cbe854078d1ac9338744f61a02 -> 
  custom:container-demuxer-ogg: 62fdf1f143b41e24485cea50d1cbac27 -> 
  custom:video-encoder-webm-vp8: eb34c28f22e8b96e1ab97ce403110664 -> 
  custom:video-decoder-webm-vp8: 9c59270c3fd7afecdb556c50c9e8de78 -> 
  custom:audio-decoder-ogg-vorbis: bf7c407c2cedff20999df2af8eb42d56 -> 
  custom:audio-encoder-webm-vorbis: bf7c407c2cedff20999df2af8eb42d56 -> 
AssetImportWorkerClient::OnTransportError - code=2 error=End of file
